8 8
0.4 0.4 0.4 0.4 0.4 0.4 0.4 0.4 
0.5 0.4 0.3 0.1 -0.1 -0.3 -0.4 -0.5 
0.5 0.2 -0.2 -0.5 -0.5 -0.2 0.2 0.5 
0.4 -0.1 -0.5 -0.3 0.3 0.5 0.1 -0.4 
0.4 -0.4 -0.4 0.4 0.4 -0.4 -0.4 0.4 
0.3 -0.5 0.1 0.4 -0.4 -0.1 0.5 -0.3 
0.2 -0.5 0.5 -0.2 -0.2 0.5 -0.5 0.2 
0.1 -0.3 0.4 -0.5 0.5 -0.4 0.3 -0.1 

8 8
17.8 12.2 11.1 17.8 26.7 44.4 56.7 67.8 
13.3 13.3 15.6 21.1 28.9 64.4 66.7 61.1 
15.6 14.4 17.8 26.7 44.4 63.3 76.7 62.2 
15.6 18.9 24.4 32.2 56.7 96.7 88.9 68.9 
20.0 24.4 41.1 62.2 75.6 121.1 114.4 85.6 
26.7 38.9 61.1 71.1 90.0 115.6 125.6 102.2 
54.4 71.1 86.7 96.7 114.4 134.4 133.3 112.2 
80.0 102.2 105.6 108.9 124.4 111.1 114.4 110.0 

preprocessing : 0.0 ms 
image processing : 30.0 ms 
dct : 152.0 ms
flushing : 10.0 ms 
save : 10.0 ms 
compression rate : 7.2%
181715 386489