8 8
0.4 0.4 0.4 0.4 0.4 0.4 0.4 0.4 
0.5 0.4 0.3 0.1 -0.1 -0.3 -0.4 -0.5 
0.5 0.2 -0.2 -0.5 -0.5 -0.2 0.2 0.5 
0.4 -0.1 -0.5 -0.3 0.3 0.5 0.1 -0.4 
0.4 -0.4 -0.4 0.4 0.4 -0.4 -0.4 0.4 
0.3 -0.5 0.1 0.4 -0.4 -0.1 0.5 -0.3 
0.2 -0.5 0.5 -0.2 -0.2 0.5 -0.5 0.2 
0.1 -0.3 0.4 -0.5 0.5 -0.4 0.3 -0.1 

8 8
6.4 4.4 4.0 6.4 9.6 16.0 20.4 24.4 
4.8 4.8 5.6 7.6 10.4 23.2 24.0 22.0 
5.6 5.2 6.4 9.6 16.0 22.8 27.6 22.4 
5.6 6.8 8.8 11.6 20.4 34.8 32.0 24.8 
7.2 8.8 14.8 22.4 27.2 43.6 41.2 30.8 
9.6 14.0 22.0 25.6 32.4 41.6 45.2 36.8 
19.6 25.6 31.2 34.8 41.2 48.4 48.0 40.4 
28.8 36.8 38.0 39.2 44.8 40.0 41.2 39.6 

preprocessing : 0.0 ms 
image processing : 30.0 ms 
dct : 154.0 ms
flushing : 10.0 ms 
save : 10.0 ms 
compression rate : 12.4%
289368 386489