8 8
0.4 0.4 0.4 0.4 0.4 0.4 0.4 0.4 
0.5 0.4 0.3 0.1 -0.1 -0.3 -0.4 -0.5 
0.5 0.2 -0.2 -0.5 -0.5 -0.2 0.2 0.5 
0.4 -0.1 -0.5 -0.3 0.3 0.5 0.1 -0.4 
0.4 -0.4 -0.4 0.4 0.4 -0.4 -0.4 0.4 
0.3 -0.5 0.1 0.4 -0.4 -0.1 0.5 -0.3 
0.2 -0.5 0.5 -0.2 -0.2 0.5 -0.5 0.2 
0.1 -0.3 0.4 -0.5 0.5 -0.4 0.3 -0.1 

8 8
9.6 6.6 6.0 9.6 14.4 24.0 30.6 36.6 
7.2 7.2 8.4 11.4 15.6 34.8 36.0 33.0 
8.4 7.8 9.6 14.4 24.0 34.2 41.4 33.6 
8.4 10.2 13.2 17.4 30.6 52.2 48.0 37.2 
10.8 13.2 22.2 33.6 40.8 65.4 61.8 46.2 
14.4 21.0 33.0 38.4 48.6 62.4 67.8 55.2 
29.4 38.4 46.8 52.2 61.8 72.6 72.0 60.6 
43.2 55.2 57.0 58.8 67.2 60.0 61.8 59.4 

preprocessing : 0.0 ms 
image processing : 80.0 ms 
dct : 152.0 ms
flushing : 10.0 ms 
save : 10.0 ms 
compression rate : 11.9%
279536 386489