8 8
0.4 0.4 0.4 0.4 0.4 0.4 0.4 0.4 
0.5 0.4 0.3 0.1 -0.1 -0.3 -0.4 -0.5 
0.5 0.2 -0.2 -0.5 -0.5 -0.2 0.2 0.5 
0.4 -0.1 -0.5 -0.3 0.3 0.5 0.1 -0.4 
0.4 -0.4 -0.4 0.4 0.4 -0.4 -0.4 0.4 
0.3 -0.5 0.1 0.4 -0.4 -0.1 0.5 -0.3 
0.2 -0.5 0.5 -0.2 -0.2 0.5 -0.5 0.2 
0.1 -0.3 0.4 -0.5 0.5 -0.4 0.3 -0.1 

8 8
3.2 2.2 2.0 3.2 4.8 8.0 10.2 12.2 
2.4 2.4 2.8 3.8 5.2 11.6 12.0 11.0 
2.8 2.6 3.2 4.8 8.0 11.4 13.8 11.2 
2.8 3.4 4.4 5.8 10.2 17.4 16.0 12.4 
3.6 4.4 7.4 11.2 13.6 21.8 20.6 15.4 
4.8 7.0 11.0 12.8 16.2 20.8 22.6 18.4 
9.8 12.8 15.6 17.4 20.6 24.2 24.0 20.2 
14.4 18.4 19.0 19.6 22.4 20.0 20.6 19.8 

preprocessing : 0.0 ms 
image processing : 30.0 ms 
dct : 170.0 ms
flushing : 20.0 ms 
save : 10.0 ms 
compression rate : 14.5%
334072 386489