8 8
0.4 0.4 0.4 0.4 0.4 0.4 0.4 0.4 
0.5 0.4 0.3 0.1 -0.1 -0.3 -0.4 -0.5 
0.5 0.2 -0.2 -0.5 -0.5 -0.2 0.2 0.5 
0.4 -0.1 -0.5 -0.3 0.3 0.5 0.1 -0.4 
0.4 -0.4 -0.4 0.4 0.4 -0.4 -0.4 0.4 
0.3 -0.5 0.1 0.4 -0.4 -0.1 0.5 -0.3 
0.2 -0.5 0.5 -0.2 -0.2 0.5 -0.5 0.2 
0.1 -0.3 0.4 -0.5 0.5 -0.4 0.3 -0.1 

8 8
22.9 15.7 14.3 22.9 34.3 57.1 72.9 87.1 
17.1 17.1 20.0 27.1 37.1 82.9 85.7 78.6 
20.0 18.6 22.9 34.3 57.1 81.4 98.6 80.0 
20.0 24.3 31.4 41.4 72.9 124.3 114.3 88.6 
25.7 31.4 52.9 80.0 97.1 155.7 147.1 110.0 
34.3 50.0 78.6 91.4 115.7 148.6 161.4 131.4 
70.0 91.4 111.4 124.3 147.1 172.9 171.4 144.3 
102.9 131.4 135.7 140.0 160.0 142.9 147.1 141.4 

preprocessing : 0.0 ms 
image processing : 30.0 ms 
dct : 152.0 ms
flushing : 0.0 ms 
save : 10.0 ms 
compression rate : 6.5%
168172 386489