8 8
0.4 0.4 0.4 0.4 0.4 0.4 0.4 0.4 
0.5 0.4 0.3 0.1 -0.1 -0.3 -0.4 -0.5 
0.5 0.2 -0.2 -0.5 -0.5 -0.2 0.2 0.5 
0.4 -0.1 -0.5 -0.3 0.3 0.5 0.1 -0.4 
0.4 -0.4 -0.4 0.4 0.4 -0.4 -0.4 0.4 
0.3 -0.5 0.1 0.4 -0.4 -0.1 0.5 -0.3 
0.2 -0.5 0.5 -0.2 -0.2 0.5 -0.5 0.2 
0.1 -0.3 0.4 -0.5 0.5 -0.4 0.3 -0.1 

8 8
160.0 110.0 100.0 160.0 240.0 400.0 510.0 610.0 
120.0 120.0 140.0 190.0 260.0 580.0 600.0 550.0 
140.0 130.0 160.0 240.0 400.0 570.0 690.0 560.0 
140.0 170.0 220.0 290.0 510.0 870.0 800.0 620.0 
180.0 220.0 370.0 560.0 680.0 1090.0 1030.0 770.0 
240.0 350.0 550.0 640.0 810.0 1040.0 1130.0 920.0 
490.0 640.0 780.0 870.0 1030.0 1210.0 1200.0 1010.0 
720.0 920.0 950.0 980.0 1120.0 1000.0 1030.0 990.0 

preprocessing : 0.0 ms 
image processing : 40.0 ms 
dct : 152.0 ms
flushing : 0.0 ms 
save : 20.0 ms 
compression rate : 1.8%
70642 386489