8 8
0.4 0.4 0.4 0.4 0.4 0.4 0.4 0.4 
0.5 0.4 0.3 0.1 -0.1 -0.3 -0.4 -0.5 
0.5 0.2 -0.2 -0.5 -0.5 -0.2 0.2 0.5 
0.4 -0.1 -0.5 -0.3 0.3 0.5 0.1 -0.4 
0.4 -0.4 -0.4 0.4 0.4 -0.4 -0.4 0.4 
0.3 -0.5 0.1 0.4 -0.4 -0.1 0.5 -0.3 
0.2 -0.5 0.5 -0.2 -0.2 0.5 -0.5 0.2 
0.1 -0.3 0.4 -0.5 0.5 -0.4 0.3 -0.1 

8 8
4.8 3.3 3.0 4.8 7.2 12.0 15.3 18.3 
3.6 3.6 4.2 5.7 7.8 17.4 18.0 16.5 
4.2 3.9 4.8 7.2 12.0 17.1 20.7 16.8 
4.2 5.1 6.6 8.7 15.3 26.1 24.0 18.6 
5.4 6.6 11.1 16.8 20.4 32.7 30.9 23.1 
7.2 10.5 16.5 19.2 24.3 31.2 33.9 27.6 
14.7 19.2 23.4 26.1 30.9 36.3 36.0 30.3 
21.6 27.6 28.5 29.4 33.6 30.0 30.9 29.7 

preprocessing : 0.0 ms 
image processing : 30.0 ms 
dct : 154.0 ms
flushing : 0.0 ms 
save : 20.0 ms 
compression rate : 12.9%
300750 386489