8 8
0.4 0.4 0.4 0.4 0.4 0.4 0.4 0.4 
0.5 0.4 0.3 0.1 -0.1 -0.3 -0.4 -0.5 
0.5 0.2 -0.2 -0.5 -0.5 -0.2 0.2 0.5 
0.4 -0.1 -0.5 -0.3 0.3 0.5 0.1 -0.4 
0.4 -0.4 -0.4 0.4 0.4 -0.4 -0.4 0.4 
0.3 -0.5 0.1 0.4 -0.4 -0.1 0.5 -0.3 
0.2 -0.5 0.5 -0.2 -0.2 0.5 -0.5 0.2 
0.1 -0.3 0.4 -0.5 0.5 -0.4 0.3 -0.1 

8 8
40.0 27.5 25.0 40.0 60.0 100.0 127.5 152.5 
30.0 30.0 35.0 47.5 65.0 145.0 150.0 137.5 
35.0 32.5 40.0 60.0 100.0 142.5 172.5 140.0 
35.0 42.5 55.0 72.5 127.5 217.5 200.0 155.0 
45.0 55.0 92.5 140.0 170.0 272.5 257.5 192.5 
60.0 87.5 137.5 160.0 202.5 260.0 282.5 230.0 
122.5 160.0 195.0 217.5 257.5 302.5 300.0 252.5 
180.0 230.0 237.5 245.0 280.0 250.0 257.5 247.5 

preprocessing : 0.0 ms 
image processing : 50.0 ms 
dct : 152.0 ms
flushing : 0.0 ms 
save : 20.0 ms 
compression rate : 4.3%
122394 386489