8 8
0.4 0.4 0.4 0.4 0.4 0.4 0.4 0.4 
0.5 0.4 0.3 0.1 -0.1 -0.3 -0.4 -0.5 
0.5 0.2 -0.2 -0.5 -0.5 -0.2 0.2 0.5 
0.4 -0.1 -0.5 -0.3 0.3 0.5 0.1 -0.4 
0.4 -0.4 -0.4 0.4 0.4 -0.4 -0.4 0.4 
0.3 -0.5 0.1 0.4 -0.4 -0.1 0.5 -0.3 
0.2 -0.5 0.5 -0.2 -0.2 0.5 -0.5 0.2 
0.1 -0.3 0.4 -0.5 0.5 -0.4 0.3 -0.1 

8 8
20.0 13.8 12.5 20.0 30.0 50.0 63.8 76.2 
15.0 15.0 17.5 23.8 32.5 72.5 75.0 68.8 
17.5 16.2 20.0 30.0 50.0 71.2 86.2 70.0 
17.5 21.2 27.5 36.2 63.8 108.8 100.0 77.5 
22.5 27.5 46.2 70.0 85.0 136.2 128.8 96.2 
30.0 43.8 68.8 80.0 101.2 130.0 141.2 115.0 
61.2 80.0 97.5 108.8 128.8 151.2 150.0 126.2 
90.0 115.0 118.8 122.5 140.0 125.0 128.8 123.8 

preprocessing : 0.0 ms 
image processing : 30.0 ms 
dct : 153.0 ms
flushing : 0.0 ms 
save : 20.0 ms 
compression rate : 6.8%
174003 386489