8 8
0.4 0.4 0.4 0.4 0.4 0.4 0.4 0.4 
0.5 0.4 0.3 0.1 -0.1 -0.3 -0.4 -0.5 
0.5 0.2 -0.2 -0.5 -0.5 -0.2 0.2 0.5 
0.4 -0.1 -0.5 -0.3 0.3 0.5 0.1 -0.4 
0.4 -0.4 -0.4 0.4 0.4 -0.4 -0.4 0.4 
0.3 -0.5 0.1 0.4 -0.4 -0.1 0.5 -0.3 
0.2 -0.5 0.5 -0.2 -0.2 0.5 -0.5 0.2 
0.1 -0.3 0.4 -0.5 0.5 -0.4 0.3 -0.1 

8 8
1.6 1.1 1.0 1.6 2.4 4.0 5.1 6.1 
1.2 1.2 1.4 1.9 2.6 5.8 6.0 5.5 
1.4 1.3 1.6 2.4 4.0 5.7 6.9 5.6 
1.4 1.7 2.2 2.9 5.1 8.7 8.0 6.2 
1.8 2.2 3.7 5.6 6.8 10.9 10.3 7.7 
2.4 3.5 5.5 6.4 8.1 10.4 11.3 9.2 
4.9 6.4 7.8 8.7 10.3 12.1 12.0 10.1 
7.2 9.2 9.5 9.8 11.2 10.0 10.3 9.9 

preprocessing : 0.0 ms 
image processing : 20.0 ms 
dct : 154.0 ms
flushing : 10.0 ms 
save : 10.0 ms 
compression rate : 16.1%
365590 386489