8 8
0.4 0.4 0.4 0.4 0.4 0.4 0.4 0.4 
0.5 0.4 0.3 0.1 -0.1 -0.3 -0.4 -0.5 
0.5 0.2 -0.2 -0.5 -0.5 -0.2 0.2 0.5 
0.4 -0.1 -0.5 -0.3 0.3 0.5 0.1 -0.4 
0.4 -0.4 -0.4 0.4 0.4 -0.4 -0.4 0.4 
0.3 -0.5 0.1 0.4 -0.4 -0.1 0.5 -0.3 
0.2 -0.5 0.5 -0.2 -0.2 0.5 -0.5 0.2 
0.1 -0.3 0.4 -0.5 0.5 -0.4 0.3 -0.1 

8 8
14.4 9.9 9.0 14.4 21.6 36.0 45.9 54.9 
10.8 10.8 12.6 17.1 23.4 52.2 54.0 49.5 
12.6 11.7 14.4 21.6 36.0 51.3 62.1 50.4 
12.6 15.3 19.8 26.1 45.9 78.3 72.0 55.8 
16.2 19.8 33.3 50.4 61.2 98.1 92.7 69.3 
21.6 31.5 49.5 57.6 72.9 93.6 101.7 82.8 
44.1 57.6 70.2 78.3 92.7 108.9 108.0 90.9 
64.8 82.8 85.5 88.2 100.8 90.0 92.7 89.1 

preprocessing : 0.0 ms 
image processing : 30.0 ms 
dct : 153.0 ms
flushing : 20.0 ms 
save : 0.0 ms 
compression rate : 8.7%
212263 386489