8 8
0.4 0.4 0.4 0.4 0.4 0.4 0.4 0.4 
0.5 0.4 0.3 0.1 -0.1 -0.3 -0.4 -0.5 
0.5 0.2 -0.2 -0.5 -0.5 -0.2 0.2 0.5 
0.4 -0.1 -0.5 -0.3 0.3 0.5 0.1 -0.4 
0.4 -0.4 -0.4 0.4 0.4 -0.4 -0.4 0.4 
0.3 -0.5 0.1 0.4 -0.4 -0.1 0.5 -0.3 
0.2 -0.5 0.5 -0.2 -0.2 0.5 -0.5 0.2 
0.1 -0.3 0.4 -0.5 0.5 -0.4 0.3 -0.1 

8 8
80.0 55.0 50.0 80.0 120.0 200.0 255.0 305.0 
60.0 60.0 70.0 95.0 130.0 290.0 300.0 275.0 
70.0 65.0 80.0 120.0 200.0 285.0 345.0 280.0 
70.0 85.0 110.0 145.0 255.0 435.0 400.0 310.0 
90.0 110.0 185.0 280.0 340.0 545.0 515.0 385.0 
120.0 175.0 275.0 320.0 405.0 520.0 565.0 460.0 
245.0 320.0 390.0 435.0 515.0 605.0 600.0 505.0 
360.0 460.0 475.0 490.0 560.0 500.0 515.0 495.0 

preprocessing : 0.0 ms 
image processing : 30.0 ms 
dct : 151.0 ms
flushing : 10.0 ms 
save : 30.0 ms 
compression rate : 2.7%
88385 386489