8 8
0.4 0.4 0.4 0.4 0.4 0.4 0.4 0.4 
0.5 0.4 0.3 0.1 -0.1 -0.3 -0.4 -0.5 
0.5 0.2 -0.2 -0.5 -0.5 -0.2 0.2 0.5 
0.4 -0.1 -0.5 -0.3 0.3 0.5 0.1 -0.4 
0.4 -0.4 -0.4 0.4 0.4 -0.4 -0.4 0.4 
0.3 -0.5 0.1 0.4 -0.4 -0.1 0.5 -0.3 
0.2 -0.5 0.5 -0.2 -0.2 0.5 -0.5 0.2 
0.1 -0.3 0.4 -0.5 0.5 -0.4 0.3 -0.1 

8 8
12.8 8.8 8.0 12.8 19.2 32.0 40.8 48.8 
9.6 9.6 11.2 15.2 20.8 46.4 48.0 44.0 
11.2 10.4 12.8 19.2 32.0 45.6 55.2 44.8 
11.2 13.6 17.6 23.2 40.8 69.6 64.0 49.6 
14.4 17.6 29.6 44.8 54.4 87.2 82.4 61.6 
19.2 28.0 44.0 51.2 64.8 83.2 90.4 73.6 
39.2 51.2 62.4 69.6 82.4 96.8 96.0 80.8 
57.6 73.6 76.0 78.4 89.6 80.0 82.4 79.2 

preprocessing : 0.0 ms 
image processing : 80.0 ms 
dct : 153.0 ms
flushing : 10.0 ms 
save : 0.0 ms 
compression rate : 9.9%
238232 386489