8 8
0.4 0.4 0.4 0.4 0.4 0.4 0.4 0.4 
0.5 0.4 0.3 0.1 -0.1 -0.3 -0.4 -0.5 
0.5 0.2 -0.2 -0.5 -0.5 -0.2 0.2 0.5 
0.4 -0.1 -0.5 -0.3 0.3 0.5 0.1 -0.4 
0.4 -0.4 -0.4 0.4 0.4 -0.4 -0.4 0.4 
0.3 -0.5 0.1 0.4 -0.4 -0.1 0.5 -0.3 
0.2 -0.5 0.5 -0.2 -0.2 0.5 -0.5 0.2 
0.1 -0.3 0.4 -0.5 0.5 -0.4 0.3 -0.1 

8 8
8.0 5.5 5.0 8.0 12.0 20.0 25.5 30.5 
6.0 6.0 7.0 9.5 13.0 29.0 30.0 27.5 
7.0 6.5 8.0 12.0 20.0 28.5 34.5 28.0 
7.0 8.5 11.0 14.5 25.5 43.5 40.0 31.0 
9.0 11.0 18.5 28.0 34.0 54.5 51.5 38.5 
12.0 17.5 27.5 32.0 40.5 52.0 56.5 46.0 
24.5 32.0 39.0 43.5 51.5 60.5 60.0 50.5 
36.0 46.0 47.5 49.0 56.0 50.0 51.5 49.5 

preprocessing : 0.0 ms 
image processing : 30.0 ms 
dct : 153.0 ms
flushing : 0.0 ms 
save : 20.0 ms 
compression rate : 12.2%
285678 386489