8 8
0.4 0.4 0.4 0.4 0.4 0.4 0.4 0.4 
0.5 0.4 0.3 0.1 -0.1 -0.3 -0.4 -0.5 
0.5 0.2 -0.2 -0.5 -0.5 -0.2 0.2 0.5 
0.4 -0.1 -0.5 -0.3 0.3 0.5 0.1 -0.4 
0.4 -0.4 -0.4 0.4 0.4 -0.4 -0.4 0.4 
0.3 -0.5 0.1 0.4 -0.4 -0.1 0.5 -0.3 
0.2 -0.5 0.5 -0.2 -0.2 0.5 -0.5 0.2 
0.1 -0.3 0.4 -0.5 0.5 -0.4 0.3 -0.1 

8 8
11.2 7.7 7.0 11.2 16.8 28.0 35.7 42.7 
8.4 8.4 9.8 13.3 18.2 40.6 42.0 38.5 
9.8 9.1 11.2 16.8 28.0 39.9 48.3 39.2 
9.8 11.9 15.4 20.3 35.7 60.9 56.0 43.4 
12.6 15.4 25.9 39.2 47.6 76.3 72.1 53.9 
16.8 24.5 38.5 44.8 56.7 72.8 79.1 64.4 
34.3 44.8 54.6 60.9 72.1 84.7 84.0 70.7 
50.4 64.4 66.5 68.6 78.4 70.0 72.1 69.3 

preprocessing : 10.0 ms 
image processing : 30.0 ms 
dct : 153.0 ms
flushing : 20.0 ms 
save : 0.0 ms 
compression rate : 11.4%
269835 386489