8 8
0.4 0.4 0.4 0.4 0.4 0.4 0.4 0.4 
0.5 0.4 0.3 0.1 -0.1 -0.3 -0.4 -0.5 
0.5 0.2 -0.2 -0.5 -0.5 -0.2 0.2 0.5 
0.4 -0.1 -0.5 -0.3 0.3 0.5 0.1 -0.4 
0.4 -0.4 -0.4 0.4 0.4 -0.4 -0.4 0.4 
0.3 -0.5 0.1 0.4 -0.4 -0.1 0.5 -0.3 
0.2 -0.5 0.5 -0.2 -0.2 0.5 -0.5 0.2 
0.1 -0.3 0.4 -0.5 0.5 -0.4 0.3 -0.1 

8 8
26.7 18.3 16.7 26.7 40.0 66.7 85.0 101.7 
20.0 20.0 23.3 31.7 43.3 96.7 100.0 91.7 
23.3 21.7 26.7 40.0 66.7 95.0 115.0 93.3 
23.3 28.3 36.7 48.3 85.0 145.0 133.3 103.3 
30.0 36.7 61.7 93.3 113.3 181.7 171.7 128.3 
40.0 58.3 91.7 106.7 135.0 173.3 188.3 153.3 
81.7 106.7 130.0 145.0 171.7 201.7 200.0 168.3 
120.0 153.3 158.3 163.3 186.7 166.7 171.7 165.0 

preprocessing : 0.0 ms 
image processing : 60.0 ms 
dct : 150.0 ms
flushing : 10.0 ms 
save : 10.0 ms 
compression rate : 5.8%
152734 386489