8 8
0.4 0.4 0.4 0.4 0.4 0.4 0.4 0.4 
0.5 0.4 0.3 0.1 -0.1 -0.3 -0.4 -0.5 
0.5 0.2 -0.2 -0.5 -0.5 -0.2 0.2 0.5 
0.4 -0.1 -0.5 -0.3 0.3 0.5 0.1 -0.4 
0.4 -0.4 -0.4 0.4 0.4 -0.4 -0.4 0.4 
0.3 -0.5 0.1 0.4 -0.4 -0.1 0.5 -0.3 
0.2 -0.5 0.5 -0.2 -0.2 0.5 -0.5 0.2 
0.1 -0.3 0.4 -0.5 0.5 -0.4 0.3 -0.1 

8 8
53.3 36.7 33.3 53.3 80.0 133.3 170.0 203.3 
40.0 40.0 46.7 63.3 86.7 193.3 200.0 183.3 
46.7 43.3 53.3 80.0 133.3 190.0 230.0 186.7 
46.7 56.7 73.3 96.7 170.0 290.0 266.7 206.7 
60.0 73.3 123.3 186.7 226.7 363.3 343.3 256.7 
80.0 116.7 183.3 213.3 270.0 346.7 376.7 306.7 
163.3 213.3 260.0 290.0 343.3 403.3 400.0 336.7 
240.0 306.7 316.7 326.7 373.3 333.3 343.3 330.0 

preprocessing : 0.0 ms 
image processing : 70.0 ms 
dct : 174.0 ms
flushing : 0.0 ms 
save : 10.0 ms 
compression rate : 3.6%
106803 386489