8 8
0.4 0.4 0.4 0.4 0.4 0.4 0.4 0.4 
0.5 0.4 0.3 0.1 -0.1 -0.3 -0.4 -0.5 
0.5 0.2 -0.2 -0.5 -0.5 -0.2 0.2 0.5 
0.4 -0.1 -0.5 -0.3 0.3 0.5 0.1 -0.4 
0.4 -0.4 -0.4 0.4 0.4 -0.4 -0.4 0.4 
0.3 -0.5 0.1 0.4 -0.4 -0.1 0.5 -0.3 
0.2 -0.5 0.5 -0.2 -0.2 0.5 -0.5 0.2 
0.1 -0.3 0.4 -0.5 0.5 -0.4 0.3 -0.1 

8 8
16.0 11.0 10.0 16.0 24.0 40.0 51.0 61.0 
12.0 12.0 14.0 19.0 26.0 58.0 60.0 55.0 
14.0 13.0 16.0 24.0 40.0 57.0 69.0 56.0 
14.0 17.0 22.0 29.0 51.0 87.0 80.0 62.0 
18.0 22.0 37.0 56.0 68.0 109.0 103.0 77.0 
24.0 35.0 55.0 64.0 81.0 104.0 113.0 92.0 
49.0 64.0 78.0 87.0 103.0 121.0 120.0 101.0 
72.0 92.0 95.0 98.0 112.0 100.0 103.0 99.0 

preprocessing : 0.0 ms 
image processing : 70.0 ms 
dct : 152.0 ms
flushing : 10.0 ms 
save : 0.0 ms 
compression rate : 7.5%
187529 386489